autoscan: warning: missing AC_CHECK_FUNCS([bzero]) wanted by: 
	test/seq-sender.c:84
	test/seq-sender.c:116
autoscan: warning: missing AC_CHECK_FUNCS([clock_gettime]) wanted by: 
	src/pcm/pcm_hw.c:1161
	src/pcm/pcm_local.h:961
	src/pcm/pcm_file.c:784
autoscan: warning: missing AC_CHECK_FUNCS([floor]) wanted by: 
	src/alisp/alisp.c:2441
	src/alisp/alisp.c:2521
autoscan: warning: missing AC_CHECK_FUNCS([gethostbyname]) wanted by: 
	src/control/control_shm.c:449
	src/control/control_shm.c:664
	src/pcm/pcm_shm.c:662
	src/pcm/pcm_shm.c:939
	aserver/aserver.c:1089
autoscan: warning: missing AC_CHECK_FUNCS([gettimeofday]) wanted by: 
	src/pcm/pcm_direct.c:181
	src/pcm/pcm_local.h:966
	test/queue_timer.c:71
	test/queue_timer.c:87
	test/midiloop.c:139
	test/midiloop.c:160
autoscan: warning: missing AC_CHECK_FUNCS([localeconv]) wanted by: 
	src/pcm/pcm_ladspa.c:1114
autoscan: warning: missing AC_CHECK_FUNCS([memmove]) wanted by: 
	src/conf.c:3702
	src/mixer/mixer.c:425
	src/mixer/mixer.c:462
	src/seq/seq.c:3970
	src/seq/seq.c:4006
	src/seq/seq.c:4555
	src/control/namehint.c:368
	src/control/hcontrol.c:373
	src/control/hcontrol.c:392
	src/ucm/parser.c:1308
	aserver/aserver.c:147
autoscan: warning: missing AC_CHECK_FUNCS([memset]) wanted by: 
	src/async.c:113
	src/async.c:138
	src/confmisc.c:1112
	src/conf.c:732
	src/mixer/simple_none.c:330
	src/mixer/simple_none.c:334
	src/alisp/alisp.c:488
	src/alisp/alisp.c:491
	src/alisp/alisp.c:3210
	src/seq/seqmid.c:79
	src/seq/seqmid.c:125
	src/seq/seqmid.c:152
	src/seq/seqmid.c:179
	src/seq/seqmid.c:206
	src/seq/seq.c:1563
	src/seq/seq.c:1753
	src/seq/seq.c:2306
	src/seq/seq.c:2325
	src/seq/seq.c:3128
	src/seq/seq.c:3160
	src/seq/seq.c:3233
	src/seq/seq.c:3254
	src/seq/seq.c:3383
	src/seq/seq.c:3565
	src/seq/seq.c:3737
	src/seq/seq.c:4188
	src/seq/seq.c:4205
	src/seq/seq_hw.c:523
	src/control/control_ext.c:82
	src/control/control_ext.c:373
	src/control/control.c:1248
	src/control/control.c:1432
	src/control/control.c:1561
	src/control/control.c:1624
	src/control/control.c:1800
	src/control/control.c:2308
	src/control/hcontrol.c:575
	src/rawmidi/rawmidi_hw.c:250
	src/rawmidi/rawmidi_virt.c:153
	src/timer/timer_hw.c:261
	src/pcm/pcm_plugin.c:134
	src/pcm/pcm_ladspa.c:1335
	src/pcm/pcm_direct.c:123
	src/pcm/pcm_direct.c:203
	src/pcm/pcm_direct.c:600
	src/pcm/pcm_direct.c:650
	src/pcm/pcm_null.c:70
	src/pcm/pcm_null.c:85
	src/pcm/pcm_dsnoop.c:189
	src/pcm/pcm_hw.c:781
	src/pcm/pcm_hw.c:819
	src/pcm/pcm_hw.c:844
	src/pcm/pcm_hw.c:1129
	src/pcm/pcm_hw.c:1297
	src/pcm/pcm_hw.c:1519
	src/pcm/pcm_hw.c:1539
	src/pcm/pcm_params.c:117
	src/pcm/pcm_params.c:2357
	src/pcm/pcm_misc.c:558
	src/pcm/pcm_misc.c:563
	src/pcm/pcm_misc.c:570
	src/pcm/pcm_misc.c:581
	src/pcm/pcm_misc.c:601
	src/pcm/pcm_misc.c:612
	src/pcm/pcm_extplug.c:105
	src/pcm/pcm_extplug.c:158
	src/pcm/pcm_extplug.c:175
	src/pcm/pcm_dmix.c:477
	src/pcm/mask_inline.h:73
	src/pcm/mask_inline.h:78
	src/pcm/pcm_dshare.c:226
	src/pcm/pcm_multi.c:563
	src/pcm/pcm_multi.c:593
	src/pcm/pcm_rate_linear.c:400
	src/pcm/pcm_ioplug.c:71
	src/pcm/pcm_ioplug.c:92
	src/pcm/pcm_iec958.c:601
	src/pcm/pcm.c:782
	src/pcm/scopes/level.c:168
	alsalisp/alsalisp.c:42
	modules/mixer/simple/python.c:571
	aserver/aserver.c:726
	include/seqmid.h:49
autoscan: warning: missing AC_CHECK_FUNCS([munmap]) wanted by: 
	src/pcm/pcm_hw.c:896
	src/pcm/pcm_hw.c:913
	src/pcm/pcm_mmap.c:476
	src/pcm/pcm_mmap.c:497
	src/pcm/pcm_mmap.c:529
autoscan: warning: missing AC_CHECK_FUNCS([pow]) wanted by: 
	src/control/tlv.c:265
	src/control/tlv.c:266
	src/control/tlv.c:387
	src/control/tlv.c:388
	src/control/tlv.c:389
	src/pcm/pcm_softvol.c:795
autoscan: warning: missing AC_CHECK_FUNCS([regcomp]) wanted by: 
	test/lsb/midi_event.c:23
autoscan: warning: missing AC_CHECK_FUNCS([rint]) wanted by: 
	src/pcm/pcm_route.c:453
autoscan: warning: missing AC_CHECK_FUNCS([setlocale]) wanted by: 
	src/conf.c:541
	src/conf.c:544
	src/conf.c:557
autoscan: warning: missing AC_CHECK_FUNCS([socket]) wanted by: 
	src/socket.c:119
	src/control/control_shm.c:432
	src/control/control_shm.c:453
	src/pcm/pcm_direct.c:194
	src/pcm/pcm_shm.c:641
	src/pcm/pcm_shm.c:666
	aserver/aserver.c:63
	aserver/aserver.c:89
autoscan: warning: missing AC_CHECK_FUNCS([sqrt]) wanted by: 
	src/mixer/simple_none.c:1467
	src/pcm/pcm_ladspa.c:528
autoscan: warning: missing AC_CHECK_FUNCS([stpcpy]) wanted by: 
	src/control/control.c:421
autoscan: warning: missing AC_CHECK_FUNCS([strcasecmp]) wanted by: 
	src/confmisc.c:105
	src/confmisc.c:162
	src/pcm/pcm.c:1726
	src/pcm/pcm.c:1730
	src/pcm/pcm.c:1736
	src/pcm/pcm.c:6881
	src/pcm/pcm.c:6898
	test/pcm.c:832
	test/pcm.c:841
autoscan: warning: missing AC_CHECK_FUNCS([strchr]) wanted by: 
	src/conf.c:2739
	src/conf.c:2766
	src/conf.c:3584
	src/conf.c:4767
	src/conf.c:4782
	src/alisp/alisp.c:647
	src/control/namehint.c:234
	src/control/namehint.c:336
	src/control/namehint.c:366
	src/control/namehint.c:675
	src/control/ctlparse.c:354
	src/ucm/parser.c:64
	src/ucm/parser.c:170
	src/ucm/main.c:878
	src/ucm/main.c:1096
	src/ucm/main.c:1282
	src/ucm/main.c:1286
	src/ucm/main.c:1365
	src/ucm/main.c:1627
autoscan: warning: missing AC_CHECK_FUNCS([strcspn]) wanted by: 
	src/conf.c:3659
	src/conf.c:3679
	src/pcm/pcm_ladspa.c:1206
autoscan: warning: missing AC_CHECK_FUNCS([strdup]) wanted by: 
	src/dlmisc.c:253
	src/dlmisc.c:254
	src/userfile.c:56
	src/userfile.c:67
	src/confmisc.c:611
	src/confmisc.c:683
	src/conf.c:1045
	src/conf.c:1610
	src/conf.c:1917
	src/conf.c:2208
	src/conf.c:2337
	src/conf.c:2428
	src/conf.c:2626
	src/conf.c:2638
	src/conf.c:2659
	src/conf.c:2664
	src/conf.c:2829
	src/mixer/simple_abst.c:290
	src/alisp/alisp.c:421
	src/alisp/alisp.c:439
	src/alisp/alisp.c:838
	src/alisp/alisp.c:892
	src/seq/seq_hw.c:503
	src/control/namehint.c:102
	src/control/namehint.c:122
	src/control/namehint.c:135
	src/control/namehint.c:204
	src/control/namehint.c:298
	src/control/namehint.c:683
	src/control/ctlparse.c:143
	src/control/cards.c:188
	src/control/cards.c:218
	src/control/control.c:129
	src/control/control.c:1008
	src/rawmidi/rawmidi_hw.c:279
	src/rawmidi/rawmidi_hw.c:294
	src/rawmidi/rawmidi_virt.c:347
	src/rawmidi/rawmidi_virt.c:367
	src/hwdep/hwdep_hw.c:139
	src/timer/timer_query_hw.c:120
	src/timer/timer_hw.c:280
	src/pcm/pcm_meter.c:945
	src/pcm/pcm_meter.c:1186
	src/pcm/pcm_ladspa.c:1132
	src/pcm/pcm_share.c:1654
	src/pcm/pcm_file.c:752
	src/pcm/pcm_file.c:763
	src/pcm/pcm_softvol.c:872
	src/pcm/pcm.c:2286
	src/pcm/pcm.c:2301
	src/pcm/scopes/level.c:214
	src/ucm/parser.c:53
	src/ucm/parser.c:115
	src/ucm/parser.c:388
	src/ucm/parser.c:505
	src/ucm/parser.c:651
	src/ucm/parser.c:926
	src/ucm/parser.c:931
	src/ucm/parser.c:1299
	src/ucm/main.c:152
	src/ucm/main.c:234
	src/ucm/main.c:377
	src/ucm/main.c:424
	src/ucm/main.c:433
	src/ucm/main.c:681
	src/ucm/main.c:1022
	src/ucm/main.c:1098
	src/ucm/main.c:1138
	src/ucm/main.c:1256
	src/ucm/main.c:1267
	src/ucm/main.c:1367
	src/ucm/main.c:1629
	test/latency.c:512
	test/latency.c:515
	test/pcm.c:803
autoscan: warning: missing AC_CHECK_FUNCS([strerror]) wanted by: 
	src/error.c:56
	src/conf.c:1683
	src/ucm/parser.c:1261
	alsalisp/alsalisp.c:56
	alsalisp/alsalisp.c:66
	test/timer.c:42
autoscan: warning: missing AC_CHECK_FUNCS([strncasecmp]) wanted by: 
	src/control/ctlparse.c:163
	src/control/ctlparse.c:173
	src/control/ctlparse.c:175
	src/control/ctlparse.c:178
	src/control/ctlparse.c:181
	src/control/ctlparse.c:184
	src/control/ctlparse.c:187
	src/control/ctlparse.c:190
	src/control/ctlparse.c:196
	src/control/ctlparse.c:223
	src/control/ctlparse.c:228
	src/control/ctlparse.c:233
	src/control/ctlparse.c:307
	src/control/ctlparse.c:308
	src/control/ctlparse.c:311
	src/control/ctlparse.c:314
autoscan: warning: missing AC_CHECK_FUNCS([strndup]) wanted by: 
	src/ucm/main.c:1284
	src/ucm/main.c:1299
autoscan: warning: missing AC_CHECK_FUNCS([strpbrk]) wanted by: 
	src/seq/seqmid.c:393
autoscan: warning: missing AC_CHECK_FUNCS([strrchr]) wanted by: 
	src/pcm/pcm_ladspa.c:1121
	src/pcm/pcm_ladspa.c:1122
	src/ucm/main.c:173
autoscan: warning: missing AC_CHECK_FUNCS([strstr]) wanted by: 
	src/mixer/simple_none.c:940
	src/mixer/simple_none.c:941
	src/pcm/pcm_dmix_i386.c:107
	src/pcm/pcm_dmix_i386.c:109
autoscan: warning: missing AC_CHECK_FUNCS([strtol]) wanted by: 
	src/conf.c:514
	src/control/ctlparse.c:62
	src/control/ctlparse.c:65
	src/control/ctlparse.c:90
	src/control/ctlparse.c:93
	src/pcm/pcm_direct.c:1622
autoscan: warning: missing AC_CHECK_HEADERS([arpa/inet.h]) wanted by: 
	src/pcm/pcm_shm.c:43
autoscan: warning: missing AC_CHECK_HEADERS([fcntl.h]) wanted by: 
	src/mixer/simple.c:36
	src/mixer/simple_abst.c:34
	src/mixer/simple_none.c:36
	src/mixer/mixer.c:46
	src/seq/seqmid.c:27
	src/seq/seq_hw.c:23
	src/control/control_shm.c:27
	src/control/control_hw.c:28
	src/control/cards.c:33
	src/control/control.c:49
	src/control/hcontrol.c:49
	src/rawmidi/rawmidi_hw.c:27
	src/rawmidi/rawmidi_virt.c:26
	src/hwdep/hwdep_hw.c:26
	src/hwdep/hwdep.c:35
	src/timer/timer_query_hw.c:26
	src/timer/timer.c:74
	src/timer/timer_query.c:33
	src/timer/timer_hw.c:26
	src/pcm/pcm_direct.c:28
	src/pcm/pcm_dsnoop.c:35
	src/pcm/pcm_hw.c:36
	src/pcm/pcm_shm.c:35
	src/pcm/pcm_dmix.c:35
	src/pcm/pcm_dshare.c:35
	test/playmidi1.c:39
	modules/mixer/simple/sbase.c:26
	modules/mixer/simple/ac97.c:26
	modules/mixer/simple/sbasedl.c:27
	modules/mixer/simple/hda.c:27
	aserver/aserver.c:28
	include/asoundlib-head.h:35
	include/local.h:29
	include/asoundlib.h:35
autoscan: warning: missing AC_CHECK_HEADERS([limits.h]) wanted by: 
	src/names.c:34
	src/conf.c:418
	src/mixer/simple_none.c:40
	src/alisp/alisp.c:26
	src/seq/seq_local.h:28
	src/rawmidi/rawmidi_local.h:24
	src/hwdep/hwdep_local.h:24
	src/timer/timer_local.h:24
	src/pcm/pcm_plugin.c:86
	src/pcm/pcm_null.c:30
	src/pcm/pcm_shm.c:32
	src/pcm/pcm_generic.c:31
	src/pcm/pcm_share.c:31
	src/pcm/pcm_local.h:25
	src/pcm/mask.c:26
	src/pcm/pcm.c:639
	src/pcm/interval.c:26
	aserver/aserver.c:33
autoscan: warning: missing AC_CHECK_HEADERS([locale.h]) wanted by: 
	src/conf.c:421
	src/pcm/pcm_ladspa.c:36
autoscan: warning: missing AC_CHECK_HEADERS([malloc.h]) wanted by: 
	src/shmarea.c:22
	src/seq/seq_midi_event.c:31
	src/compat/hsearch_r.c:21
	src/pcm/pcm_mmap.c:22
	src/pcm/pcm.c:633
autoscan: warning: missing AC_CHECK_HEADERS([netdb.h]) wanted by: 
	src/socket.c:39
	src/control/control_shm.c:35
	src/pcm/pcm_shm.c:45
	aserver/aserver.c:32
	include/aserver.h:21
autoscan: warning: missing AC_CHECK_HEADERS([netinet/in.h]) wanted by: 
	src/socket.c:36
	src/control/control_shm.c:34
	src/pcm/pcm_shm.c:42
	aserver/aserver.c:31
autoscan: warning: missing AC_CHECK_HEADERS([stddef.h]) wanted by: 
	src/socket.c:30
	src/control/control_shm.c:24
	src/pcm/pcm_direct.c:24
	src/pcm/pcm_dsnoop.c:31
	src/pcm/pcm_hw.c:32
	src/pcm/pcm_shm.c:31
	src/pcm/pcm_dmix.c:31
	src/pcm/pcm_dshare.c:31
	modules/mixer/simple/python.c:23
	aserver/aserver.c:29
	include/search.h:26
autoscan: warning: missing AC_CHECK_HEADERS([sys/ioctl.h]) wanted by: 
	src/socket.c:37
	src/mixer/simple.c:37
	src/mixer/simple_abst.c:35
	src/mixer/simple_none.c:37
	src/mixer/mixer.c:47
	src/seq/seqmid.c:29
	src/seq/seq_hw.c:24
	src/control/control_hw.c:29
	src/control/cards.c:34
	src/control/hcontrol.c:50
	src/rawmidi/rawmidi_hw.c:28
	src/rawmidi/rawmidi_virt.c:27
	src/hwdep/hwdep_hw.c:27
	src/hwdep/hwdep.c:36
	src/timer/timer_query_hw.c:27
	src/timer/timer.c:76
	src/timer/timer_query.c:34
	src/timer/timer_hw.c:27
	src/pcm/pcm_direct.c:31
	src/pcm/pcm_dsnoop.c:38
	src/pcm/pcm_hw.c:37
	src/pcm/pcm_shm.c:36
	src/pcm/pcm_dmix.c:38
	src/pcm/pcm_generic.c:30
	src/pcm/pcm_dshare.c:38
	test/playmidi1.c:41
	modules/mixer/simple/sbase.c:27
	modules/mixer/simple/ac97.c:27
	modules/mixer/simple/sbasedl.c:28
	modules/mixer/simple/hda.c:28
	include/sound/asound.h:62
autoscan: warning: missing AC_CHECK_HEADERS([sys/socket.h]) wanted by: 
	src/socket.c:33
	src/control/control_shm.c:29
	src/pcm/pcm_direct.c:37
	src/pcm/pcm_dsnoop.c:43
	src/pcm/pcm_shm.c:38
	src/pcm/pcm_dmix.c:43
	src/pcm/pcm_share.c:36
	src/pcm/pcm_dshare.c:43
	aserver/aserver.c:22
autoscan: warning: missing AC_CHECK_HEADERS([sys/time.h]) wanted by: 
	test/oldapi.c:32
	test/timer.c:4
	test/queue_timer.c:2
	test/latency.c:37
	test/midiloop.c:4
	test/pcm.c:12
	include/sound/asound.h:60
autoscan: warning: missing AC_CHECK_HEADERS([values.h]) wanted by: 
	test/midifile.c:74
autoscan: warning: missing AC_FUNC_ALLOCA wanted by: 
	src/dlmisc.c:115
	src/socket.c:47
	src/socket.c:80
	src/conf.c:4771
	src/control/control_shm.c:429
	src/control/control_shm.c:490
	src/control/control.c:753
	src/control/hcontrol.c:686
	src/control/hcontrol.c:687
	src/pcm/pcm_direct.c:191
	src/pcm/pcm_direct.c:278
	src/pcm/pcm_shm.c:638
	src/pcm/pcm_shm.c:722
	src/pcm/pcm_plug.c:392
	src/pcm/pcm.c:2387
	test/seq-sender.c:232
	test/seq-decoder.c:339
	test/playmidi1.c:120
	test/playmidi1.c:378
	aserver/aserver.c:60
	aserver/aserver.c:736
autoscan: warning: missing AC_FUNC_CHOWN wanted by: 
	src/pcm/pcm_direct.c:221
autoscan: warning: missing AC_FUNC_FORK wanted by: 
	src/pcm/pcm_direct.c:428
	src/pcm/pcm_direct.c:433
autoscan: warning: missing AC_FUNC_MALLOC wanted by: 
	src/dlmisc.c:249
	src/socket.c:126
	src/shmarea.c:52
	src/async.c:100
	src/input.c:321
	src/conf.c:624
	src/conf.c:639
	src/conf.c:748
	src/conf.c:766
	src/conf.c:1651
	src/conf.c:3301
	src/conf.c:3515
	src/conf.c:4211
	src/conf.c:4425
	src/conf.c:4439
	src/conf.c:4490
	src/mixer/simple_abst.c:76
	src/mixer/simple_abst.c:122
	src/mixer/simple_none.c:1116
	src/mixer/simple_none.c:1124
	src/mixer/mixer.c:768
	src/mixer/bag.c:26
	src/mixer/bag.c:47
	src/alisp/alisp.c:133
	src/alisp/alisp.c:518
	src/alisp/alisp.c:833
	src/alisp/alisp.c:887
	src/alisp/alisp.c:2313
	src/alisp/alisp.c:2475
	src/alisp/alisp.c:2516
	src/alisp/alisp.c:2537
	src/alisp/alisp.c:3205
	src/seq/seq_midi_event.c:159
	src/seq/seq_midi_event.c:286
	src/seq/seq.c:3885
	src/seq/seq_hw.c:484
	src/control/namehint.c:65
	src/control/namehint.c:161
	src/control/namehint.c:168
	src/control/namehint.c:187
	src/control/namehint.c:226
	src/control/namehint.c:685
	src/control/control_hw.c:232
	src/control/control.c:414
	src/control/control.c:896
	src/control/control.c:912
	src/control/hcontrol.c:588
	src/pcm/pcm_hooks.c:63
	src/pcm/pcm_meter.c:455
	src/pcm/pcm_meter.c:458
	src/pcm/pcm_meter.c:1042
	src/pcm/pcm_ladspa.c:776
	src/pcm/pcm_ladspa.c:1115
	src/pcm/pcm_ladspa.c:1173
	src/pcm/pcm_route.c:1142
	src/pcm/pcm_direct.c:1383
	src/pcm/pcm_mmap.c:425
	src/pcm/pcm_extplug.c:89
	src/pcm/pcm_plug.c:1293
	src/pcm/pcm_adpcm.c:443
	src/pcm/pcm_rate.c:291
	src/pcm/pcm_rate.c:297
	src/pcm/pcm_rate.c:317
	src/pcm/pcm_rate.c:319
	src/pcm/pcm_file.c:142
	src/pcm/pcm_file.c:241
	src/pcm/pcm_file.c:613
	src/pcm/pcm_file.c:618
	src/pcm/pcm_rate_linear.c:354
	src/pcm/pcm.c:2140
	src/pcm/pcm.c:2156
	src/ucm/parser.c:394
	src/ucm/parser.c:401
	src/ucm/parser.c:408
	src/ucm/main.c:101
	src/ucm/main.c:961
	test/latency.c:581
	test/latency.c:608
	test/latency.c:609
	test/latency.c:610
	test/latency.c:611
	test/latency.c:612
	test/latency.c:613
	test/midifile.c:758
	test/pcm.c:310
	test/pcm.c:899
	test/lsb/midi_event.c:18
	modules/mixer/simple/sbasedl.c:57
autoscan: warning: missing AC_FUNC_MMAP wanted by: 
	src/pcm/pcm_hw.c:840
	src/pcm/pcm_hw.c:872
	src/pcm/pcm_mmap.c:305
	src/pcm/pcm_mmap.c:372
	src/pcm/pcm_shm.c:99
autoscan: warning: missing AC_FUNC_REALLOC wanted by: 
	src/socket.c:139
	src/output.c:263
	src/confmisc.c:419
	src/conf.c:753
	src/conf.c:4442
	src/mixer/mixer.c:406
	src/alisp/alisp.c:536
	src/alisp/alisp.c:1185
	src/alisp/alisp.c:2483
	src/seq/seq.c:3889
	src/control/namehint.c:56
	src/control/namehint.c:363
	src/control/namehint.c:489
	src/control/hcontrol.c:354
	src/pcm/pcm_ladspa.c:369
	src/pcm/pcm_ladspa.c:394
	src/pcm/pcm_ladspa.c:733
	src/pcm/pcm_file.c:115
	src/pcm/pcm.c:6990
	src/ucm/main.c:108
	modules/mixer/simple/python.c:669
	modules/mixer/simple/python.c:718
	modules/mixer/simple/python.c:871
autoscan: warning: missing AC_FUNC_STRTOD wanted by: 
	src/conf.c:548
	src/control/ctlparse.c:68
	src/control/ctlparse.c:96
autoscan: warning: missing AC_PROG_RANLIB wanted by: 
	ltmain.sh:6809
autoscan: warning: missing AC_TYPE_INT16_T wanted by: 
	src/pcm/pcm_meter.c:994
	src/pcm/pcm_meter.c:1008
	src/pcm/pcm_meter.c:1201
	src/pcm/pcm_alaw.c:169
	src/pcm/pcm_alaw.c:193
	src/pcm/pcm_mulaw.c:186
	src/pcm/pcm_mulaw.c:210
	src/pcm/plugin_ops.h:698
	src/pcm/plugin_ops.h:699
	src/pcm/plugin_ops.h:700
	src/pcm/pcm_adpcm.c:246
	src/pcm/pcm_adpcm.c:282
	src/pcm/pcm_rate.c:69
	src/pcm/pcm_rate.c:70
	src/pcm/pcm_rate.c:431
	src/pcm/pcm_rate.c:443
	src/pcm/pcm_rate.c:469
	src/pcm/pcm_rate.c:481
	src/pcm/pcm_rate.c:515
	src/pcm/pcm_rate.c:516
	src/pcm/pcm_rate_linear.c:42
	src/pcm/pcm_rate_linear.c:85
	src/pcm/pcm_rate_linear.c:94
	src/pcm/pcm_rate_linear.c:95
	src/pcm/pcm_rate_linear.c:154
	src/pcm/pcm_rate_linear.c:155
	src/pcm/pcm_rate_linear.c:157
	src/pcm/pcm_rate_linear.c:158
	src/pcm/pcm_rate_linear.c:207
	src/pcm/pcm_rate_linear.c:216
	src/pcm/pcm_rate_linear.c:217
	src/pcm/pcm_rate_linear.c:275
	src/pcm/pcm_rate_linear.c:276
	src/pcm/pcm_rate_linear.c:278
	src/pcm/pcm_rate_linear.c:279
	src/pcm/scopes/level.c:32
	src/pcm/scopes/level.c:33
	src/pcm/scopes/level.c:119
	include/pcm_rate.h:91
	include/pcm_rate.h:92
	include/pcm_rate.h:142
	include/pcm_rate.h:143
	include/pcm.h:1052
	include/sound/type_compat.h:10
autoscan: warning: missing AC_TYPE_INT32_T wanted by: 
	src/pcm/pcm_route.c:92
	src/pcm/pcm_route.c:289
	src/pcm/pcm_lfloat.c:114
	src/pcm/pcm_lfloat.c:159
	src/pcm/plugin_ops.h:701
	src/pcm/plugin_ops.h:702
	src/pcm/plugin_ops.h:703
	src/pcm/plugin_ops.h:704
	src/pcm/plugin_ops.h:706
	src/pcm/plugin_ops.h:707
	src/pcm/plugin_ops.h:708
	src/pcm/plugin_ops.h:763
	src/pcm/plugin_ops.h:764
	src/pcm/plugin_ops.h:766
	src/pcm/plugin_ops.h:767
	src/pcm/plugin_ops.h:788
	src/pcm/plugin_ops.h:796
	src/pcm/plugin_ops.h:804
	src/pcm/plugin_ops.h:812
	src/pcm/plugin_ops.h:821
	src/pcm/plugin_ops.h:824
	src/pcm/plugin_ops.h:831
	src/pcm/plugin_ops.h:838
	src/pcm/pcm_local.h:948
	src/pcm/pcm_iec958.c:134
	src/pcm/pcm_iec958.c:140
	src/pcm/pcm_iec958.c:169
	src/pcm/pcm_iec958.c:193
	include/sound/type_compat.h:11
autoscan: warning: missing AC_TYPE_INT64_T wanted by: 
	src/mixer/simple_none.c:219
	src/mixer/simple_none.c:222
	src/mixer/simple_none.c:228
	src/mixer/simple_none.c:231
	src/control/control_ext.c:160
	src/control/control_ext.c:233
	src/control/control_ext.c:286
	src/pcm/pcm_route.c:93
	src/pcm/pcm_route.c:369
	src/pcm/pcm_route.c:433
	src/pcm/pcm_route.c:435
	src/pcm/pcm_route.c:454
	src/pcm/pcm_route.c:456
	src/pcm/plugin_ops.h:846
	src/pcm/plugin_ops.h:847
	src/pcm/pcm_local.h:541
	src/pcm/pcm_local.h:541
	src/pcm/pcm_local.h:542
	src/pcm/pcm_local.h:557
	src/pcm/pcm_local.h:557
	src/pcm/pcm_local.h:953
	modules/mixer/simple/sbase.c:56
	modules/mixer/simple/sbase.c:59
	modules/mixer/simple/sbase.c:65
	modules/mixer/simple/sbase.c:68
	include/control_external.h:166
	include/control_external.h:166
	include/control_external.h:166
	include/control_external.h:183
	include/control_external.h:204
autoscan: warning: missing AC_TYPE_INT8_T wanted by: 
	src/pcm/plugin_ops.h:696
	include/sound/type_compat.h:9
autoscan: warning: missing AC_TYPE_MODE_T wanted by: 
	src/pcm/pcm_direct.c:187
	src/pcm/pcm_direct.h:122
	src/pcm/pcm_direct.h:298
autoscan: warning: missing AC_TYPE_OFF_T wanted by: 
	src/pcm/pcm_local.h:107
	src/pcm/pcm_local.h:127
	src/pcm/pcm_local.h:360
	src/pcm/pcm_local.h:361
	src/pcm/pcm_local.h:366
	src/pcm/pcm.c:6954
	src/pcm/pcm.c:6964
	src/pcm/pcm.c:6971
	include/aserver.h:58
	include/aserver.h:103
autoscan: warning: missing AC_TYPE_PID_T wanted by: 
	src/control/control_shm.c:106
	src/control/control_hw.c:81
	src/control/control_ext.c:61
	src/control/control_local.h:27
	src/control/control_local.h:100
	src/control/control.c:145
	src/control/control.c:1952
	src/control/hcontrol.c:157
	src/timer/timer_local.h:31
	src/timer/timer_local.h:76
	src/timer/timer.c:423
	src/timer/timer_hw.c:73
	src/pcm/pcm_direct.c:450
	src/pcm/pcm_direct.c:504
	src/pcm/pcm_null.c:63
	src/pcm/pcm_hw.c:220
	src/pcm/pcm_generic.h:109
	src/pcm/pcm_shm.c:186
	src/pcm/pcm_generic.c:53
	src/pcm/pcm_share.c:463
	src/pcm/pcm_direct.h:150
	src/pcm/pcm_direct.h:277
	src/pcm/pcm_direct.h:293
	src/pcm/pcm_local.h:136
	src/pcm/pcm_local.h:356
	src/pcm/pcm_multi.c:90
	src/pcm/pcm_ioplug.c:703
	src/pcm/pcm.c:747
	aserver/aserver.c:171
	include/aserver.h:70
	include/aserver.h:122
	include/control.h:390
	include/sound/asound.h:820
autoscan: warning: missing AC_TYPE_SIZE_T wanted by: 
	src/socket.c:43
	src/socket.c:46
	src/socket.c:76
	src/socket.c:79
	src/socket.c:115
	src/socket.c:116
	src/socket.c:135
	src/output.c:236
	src/output.c:237
	src/output.c:248
	src/output.c:251
	src/output.c:252
	src/output.c:274
	src/output.c:281
	src/output.c:298
	src/output.c:345
	src/input.c:41
	src/input.c:94
	src/input.c:142
	src/input.c:228
	src/input.c:248
	src/input.c:251
	src/input.c:321
	src/input.c:327
	src/conf.c:725
	src/conf.c:726
	src/conf.c:746
	src/conf.c:946
	src/conf.c:947
	src/conf.c:3379
	src/conf.c:3645
	src/conf.c:4404
	src/conf.c:4407
	src/conf.c:4409
	src/conf.c:4436
	src/mixer/simple.c:930
	src/mixer/simple.c:973
	src/mixer/simple_none.c:913
	src/mixer/simple_none.c:916
	src/mixer/simple_none.c:917
	src/mixer/simple_none.c:1313
	src/mixer/simple_none.c:1607
	src/mixer/mixer.c:947
	src/seq/seqmid.c:266
	src/seq/seqmid.c:285
	src/seq/seqmid.c:304
	src/seq/seq_midi_event.c:38
	src/seq/seq_midi_event.c:39
	src/seq/seq_midi_event.c:43
	src/seq/seq_midi_event.c:150
	src/seq/seq_midi_event.c:280
	src/seq/seq_old.c:9
	src/seq/seq_old.c:15
	src/seq/seq_old.c:44
	src/seq/seq_old.c:95
	src/seq/seq_old.c:132
	src/seq/seq_old.c:138
	src/seq/seq_old.c:189
	src/seq/seq_old.c:195
	src/seq/seq_old.c:210
	src/seq/seq_old.c:216
	src/seq/seq_local.h:64
	src/seq/seq_local.h:65
	src/seq/seq_local.h:85
	src/seq/seq_local.h:86
	src/seq/seq_local.h:88
	src/seq/seq_local.h:89
	src/seq/seq_local.h:90
	src/seq/seq_local.h:92
	src/seq/seq.c:1189
	src/seq/seq.c:1207
	src/seq/seq.c:1225
	src/seq/seq.c:1252
	src/seq/seq.c:1275
	src/seq/seq.c:1416
	src/seq/seq.c:1826
	src/seq/seq.c:2398
	src/seq/seq.c:2656
	src/seq/seq.c:2940
	src/seq/seq.c:3266
	src/seq/seq.c:3393
	src/seq/seq.c:3593
	src/seq/seq.c:3861
	src/seq/seq.c:3863
	src/seq/seq.c:3877
	src/seq/seq.c:3879
	src/seq/seq.c:3921
	src/seq/seq.c:3927
	src/seq/seq.c:3969
	src/seq/seq.c:3989
	src/seq/seq.c:4032
	src/seq/seq.c:4216
	src/seq/seq.c:4543
	src/seq/seq.c:4576
	src/seq/seq.c:4632
	src/seq/seq.c:4643
	src/seq/seq.c:4654
	src/seq/seq.c:4665
	src/seq/seq.c:4676
	src/seq/seq.c:4687
	src/seq/seq.c:4698
	src/seq/seq.c:4709
	src/seq/seq_hw.c:316
	src/seq/seq_hw.c:325
	src/control/control_shm.c:157
	src/control/control_shm.c:158
	src/control/control_shm.c:427
	src/control/control_shm.c:428
	src/control/control_shm.c:473
	src/control/control_shm.c:503
	src/control/control.c:1214
	src/control/control.c:1398
	src/control/control.c:1527
	src/control/control.c:1590
	src/control/control.c:1766
	src/control/control.c:2274
	src/control/control.c:2619
	src/rawmidi/rawmidi_local.h:35
	src/rawmidi/rawmidi_local.h:36
	src/rawmidi/rawmidi_local.h:48
	src/rawmidi/rawmidi_local.h:49
	src/rawmidi/rawmidi_hw.c:139
	src/rawmidi/rawmidi_hw.c:149
	src/rawmidi/rawmidi.c:466
	src/rawmidi/rawmidi.c:672
	src/rawmidi/rawmidi.c:726
	src/rawmidi/rawmidi.c:728
	src/rawmidi/rawmidi.c:742
	src/rawmidi/rawmidi.c:755
	src/rawmidi/rawmidi.c:757
	src/rawmidi/rawmidi.c:771
	src/rawmidi/rawmidi.c:846
	src/rawmidi/rawmidi.c:908
	src/rawmidi/rawmidi.c:919
	src/rawmidi/rawmidi.c:969
	src/rawmidi/rawmidi.c:983
	src/rawmidi/rawmidi_virt.c:191
	src/rawmidi/rawmidi_virt.c:236
	src/rawmidi/rawmidi_virt.c:265
	src/hwdep/hwdep_hw.c:77
	src/hwdep/hwdep_hw.c:87
	src/hwdep/hwdep.c:326
	src/hwdep/hwdep.c:470
	src/hwdep/hwdep.c:484
	src/hwdep/hwdep.c:522
	src/hwdep/hwdep.c:627
	src/hwdep/hwdep.c:700
	src/hwdep/hwdep.c:745
	src/hwdep/hwdep_local.h:32
	src/hwdep/hwdep_local.h:33
	src/timer/timer_local.h:38
	src/timer/timer.c:438
	src/timer/timer.c:557
	src/timer/timer.c:784
	src/timer/timer.c:939
	src/timer/timer_query.c:234
	src/timer/timer_query.c:440
	src/timer/timer_hw.c:197
	src/compat/hsearch_r.c:71
	src/pcm/pcm_meter.c:440
	src/pcm/pcm_ladspa.c:1203
	src/pcm/pcm_direct.c:177
	src/pcm/pcm_direct.c:189
	src/pcm/pcm_direct.c:190
	src/pcm/pcm_direct.c:274
	src/pcm/pcm_direct.c:277
	src/pcm/pcm_mmap.c:29
	src/pcm/pcm_mmap.c:36
	src/pcm/pcm_mmap.c:36
	src/pcm/pcm_mmap.c:38
	src/pcm/pcm_mmap.c:46
	src/pcm/pcm_mmap.c:46
	src/pcm/pcm_mmap.c:46
	src/pcm/pcm_mmap.c:46
	src/pcm/pcm_mmap.c:46
	src/pcm/pcm_mmap.c:48
	src/pcm/pcm_mmap.c:335
	src/pcm/pcm_mmap.c:346
	src/pcm/pcm_mmap.c:480
	src/pcm/pcm_mmap.c:485
	src/pcm/pcm_shm.c:90
	src/pcm/pcm_shm.c:636
	src/pcm/pcm_shm.c:637
	src/pcm/pcm_shm.c:705
	src/pcm/pcm_shm.c:735
	src/pcm/pcm_misc.c:307
	src/pcm/pcm_dmix.c:71
	src/pcm/mask_inline.h:66
	src/pcm/pcm_dmix_generic.c:53
	src/pcm/pcm_dmix_generic.c:54
	src/pcm/pcm_dmix_generic.c:54
	src/pcm/pcm_dmix_generic.c:84
	src/pcm/pcm_dmix_generic.c:85
	src/pcm/pcm_dmix_generic.c:85
	src/pcm/pcm_dmix_generic.c:134
	src/pcm/pcm_dmix_generic.c:135
	src/pcm/pcm_dmix_generic.c:136
	src/pcm/pcm_dmix_generic.c:166
	src/pcm/pcm_dmix_generic.c:167
	src/pcm/pcm_dmix_generic.c:168
	src/pcm/pcm_dmix_generic.c:197
	src/pcm/pcm_dmix_generic.c:198
	src/pcm/pcm_dmix_generic.c:199
	src/pcm/pcm_dmix_generic.c:231
	src/pcm/pcm_dmix_generic.c:232
	src/pcm/pcm_dmix_generic.c:233
	src/pcm/pcm_dmix_generic.c:264
	src/pcm/pcm_dmix_generic.c:265
	src/pcm/pcm_dmix_generic.c:266
	src/pcm/pcm_dmix_generic.c:296
	src/pcm/pcm_dmix_generic.c:297
	src/pcm/pcm_dmix_generic.c:298
	src/pcm/pcm_dmix_generic.c:327
	src/pcm/pcm_dmix_generic.c:328
	src/pcm/pcm_dmix_generic.c:329
	src/pcm/pcm_dmix_generic.c:361
	src/pcm/pcm_dmix_generic.c:362
	src/pcm/pcm_dmix_generic.c:363
	src/pcm/pcm_dmix_generic.c:395
	src/pcm/pcm_dmix_generic.c:396
	src/pcm/pcm_dmix_generic.c:397
	src/pcm/pcm_dmix_generic.c:428
	src/pcm/pcm_dmix_generic.c:429
	src/pcm/pcm_dmix_generic.c:430
	src/pcm/pcm_dmix_generic.c:461
	src/pcm/pcm_dmix_generic.c:462
	src/pcm/pcm_dmix_generic.c:463
	src/pcm/pcm_dmix_generic.c:490
	src/pcm/pcm_dmix_generic.c:491
	src/pcm/pcm_dmix_generic.c:492
	src/pcm/pcm_direct.h:29
	src/pcm/pcm_direct.h:30
	src/pcm/pcm_direct.h:30
	src/pcm/pcm_direct.h:34
	src/pcm/pcm_direct.h:35
	src/pcm/pcm_direct.h:35
	src/pcm/pcm_direct.h:39
	src/pcm/pcm_direct.h:40
	src/pcm/pcm_direct.h:40
	src/pcm/pcm_direct.h:44
	src/pcm/pcm_direct.h:45
	src/pcm/pcm_direct.h:45
	src/pcm/pcm_direct.h:49
	src/pcm/pcm_direct.h:50
	src/pcm/pcm_direct.h:50
	src/pcm/pcm_dmix_x86_64.h:35
	src/pcm/pcm_dmix_x86_64.h:36
	src/pcm/pcm_dmix_x86_64.h:36
	src/pcm/pcm_dmix_x86_64.h:130
	src/pcm/pcm_dmix_x86_64.h:131
	src/pcm/pcm_dmix_x86_64.h:131
	src/pcm/pcm_dmix_x86_64.h:245
	src/pcm/pcm_dmix_x86_64.h:246
	src/pcm/pcm_dmix_x86_64.h:246
	src/pcm/pcm_file.c:81
	src/pcm/pcm_file.c:82
	src/pcm/pcm_file.c:84
	src/pcm/pcm_file.c:85
	src/pcm/pcm_file.c:88
	src/pcm/pcm_file.c:90
	src/pcm/pcm_file.c:340
	src/pcm/pcm_file.c:353
	src/pcm/pcm_file.c:354
	src/pcm/pcm_dmix_i386.h:34
	src/pcm/pcm_dmix_i386.h:35
	src/pcm/pcm_dmix_i386.h:35
	src/pcm/pcm_dmix_i386.h:158
	src/pcm/pcm_dmix_i386.h:159
	src/pcm/pcm_dmix_i386.h:159
	src/pcm/pcm_dmix_i386.h:248
	src/pcm/pcm_dmix_i386.h:249
	src/pcm/pcm_dmix_i386.h:249
	src/pcm/pcm_dmix_i386.h:361
	src/pcm/pcm_dmix_i386.h:362
	src/pcm/pcm_dmix_i386.h:362
	src/pcm/pcm_dmix_i386.h:467
	src/pcm/pcm_dmix_i386.h:468
	src/pcm/pcm_dmix_i386.h:468
	src/pcm/pcm.c:2706
	src/pcm/pcm.c:3205
	src/pcm/pcm.c:3307
	src/pcm/pcm.c:3410
	src/pcm/pcm.c:3513
	src/pcm/pcm.c:5582
	src/pcm/pcm.c:6101
	src/pcm/pcm.c:6265
	test/latency.c:267
	test/latency.c:281
	test/latency.c:289
	test/latency.c:342
	test/latency.c:342
	test/latency.c:374
	test/latency.c:500
	test/lsb/config.c:123
	modules/mixer/simple/sbase.c:245
	modules/mixer/simple/python.c:354
	aserver/aserver.c:58
	aserver/aserver.c:59
	aserver/aserver.c:644
	aserver/aserver.c:930
	aserver/aserver.c:931
	aserver/aserver.c:968
	include/search.h:91
	include/search.h:109
	include/search.h:166
	include/search.h:166
	include/search.h:172
	include/search.h:172
	include/aserver.h:25
	include/control_external.h:175
	include/control_external.h:192
	include/control_external.h:213
	include/input.h:73
	include/rawmidi.h:91
	include/rawmidi.h:114
	include/rawmidi.h:123
	include/rawmidi.h:124
	include/rawmidi.h:125
	include/rawmidi.h:126
	include/rawmidi.h:131
	include/rawmidi.h:141
	include/rawmidi.h:142
	include/rawmidi.h:146
	include/rawmidi.h:147
	include/pcm.h:505
	include/pcm.h:585
	include/pcm.h:726
	include/pcm.h:772
	include/pcm.h:797
	include/pcm.h:822
	include/pcm.h:847
	include/pcm.h:943
	include/output.h:67
	include/local.h:160
	include/local.h:160
	include/local.h:161
	include/local.h:162
	include/local.h:162
	include/local.h:162
	include/local.h:162
	include/local.h:162
	include/local.h:166
	include/local.h:167
	include/seq.h:89
	include/seq.h:90
	include/seq.h:91
	include/seq.h:92
	include/seq.h:97
	include/seq.h:133
	include/seq.h:172
	include/seq.h:181
	include/seq.h:182
	include/seq.h:183
	include/seq.h:184
	include/seq.h:185
	include/seq.h:186
	include/seq.h:187
	include/seq.h:188
	include/seq.h:261
	include/seq.h:319
	include/seq.h:357
	include/seq.h:407
	include/seq.h:439
	include/seq.h:457
	include/seq.h:488
	include/seq.h:547
	include/seqmid.h:346
	include/seqmid.h:347
	include/seqmid.h:348
	include/seq_midi_event.h:45
	include/seq_midi_event.h:46
	include/mixer.h:142
	include/mixer.h:290
	include/mixer.h:294
	include/mixer_abst.h:93
	include/timer.h:165
	include/timer.h:167
	include/timer.h:185
	include/timer.h:203
	include/timer.h:216
	include/timer.h:236
	include/hwdep.h:106
	include/hwdep.h:107
	include/hwdep.h:109
	include/hwdep.h:123
	include/hwdep.h:136
	include/hwdep.h:146
	include/hwdep.h:151
	include/control.h:295
	include/control.h:318
	include/control.h:336
	include/control.h:348
	include/control.h:369
	include/control.h:425
	include/control.h:460
	include/sound/asound.h:146
	include/sound/asound.h:553
	include/sound/asound.h:554
	include/sound/asound.h:562
	include/sound/asound.h:563
autoscan: warning: missing AC_TYPE_SSIZE_T wanted by: 
	src/input.c:306
	src/seq/seq.c:3797
	src/seq/seq.c:3799
	src/seq/seq.c:3912
	src/seq/seq.c:3960
	src/seq/seq.c:4019
	src/seq/seq.c:4021
	src/seq/seq.c:4547
	src/seq/seq_hw.c:316
	src/seq/seq_hw.c:319
	src/seq/seq_hw.c:325
	src/seq/seq_hw.c:328
	src/control/control_hw.c:334
	src/rawmidi/rawmidi_hw.c:139
	src/rawmidi/rawmidi_hw.c:142
	src/rawmidi/rawmidi_hw.c:149
	src/rawmidi/rawmidi_hw.c:152
	src/rawmidi/rawmidi.c:969
	src/rawmidi/rawmidi.c:983
	src/rawmidi/rawmidi_virt.c:191
	src/rawmidi/rawmidi_virt.c:194
	src/rawmidi/rawmidi_virt.c:195
	src/rawmidi/rawmidi_virt.c:236
	src/rawmidi/rawmidi_virt.c:239
	src/hwdep/hwdep_hw.c:77
	src/hwdep/hwdep_hw.c:79
	src/hwdep/hwdep_hw.c:87
	src/hwdep/hwdep_hw.c:89
	src/hwdep/hwdep.c:470
	src/hwdep/hwdep.c:484
	src/timer/timer.c:939
	src/timer/timer_hw.c:197
	src/timer/timer_hw.c:200
	src/pcm/pcm_misc.c:307
	src/pcm/pcm.c:1949
	src/pcm/pcm.c:1965
	src/pcm/pcm.c:1981
	src/pcm/pcm.c:1997
	src/ucm/parser.c:1250
	test/latency.c:499
	aserver/aserver.c:221
	aserver/aserver.c:530
	include/input.h:66
	include/rawmidi.h:146
	include/rawmidi.h:147
	include/pcm.h:943
	include/pcm.h:950
	include/pcm.h:951
	include/pcm.h:952
	include/pcm.h:953
	include/seq.h:518
	include/timer.h:165
	include/hwdep.h:106
	include/hwdep.h:107
autoscan: warning: missing AC_TYPE_UINT16_T wanted by: 
	include/sound/type_compat.h:7
autoscan: warning: missing AC_TYPE_UINT32_T wanted by: 
	aserver/aserver.c:212
	aserver/aserver.c:831
	include/sound/hdspm.h:43
	include/sound/hdspm.h:44
	include/sound/hdspm.h:45
	include/sound/hdspm.h:156
	include/sound/type_compat.h:8
	include/sound/hdsp.h:38
	include/sound/hdsp.h:39
	include/sound/hdsp.h:40
	include/sound/emu10k1.h:290
	include/sound/emu10k1.h:303
	include/sound/emu10k1.h:304
	include/sound/emu10k1.h:307
autoscan: warning: missing AC_TYPE_UINT64_T wanted by: 
	include/sound/hdspm.h:47
	include/sound/hdspm.h:48
	include/sound/hdspm.h:49
	include/sound/hdspm.h:155
	include/sound/hdsp.h:41
	include/sound/hdsp.h:42
	include/sound/hdsp.h:44
autoscan: warning: missing AC_TYPE_UINT8_T wanted by: 
	include/sound/hdspm.h:51
	include/sound/hdspm.h:152
	include/sound/hdspm.h:160
	include/sound/hdspm.h:161
	include/sound/hdspm.h:162
	include/sound/hdspm.h:163
	include/sound/hdspm.h:164
	include/sound/hdspm.h:165
	include/sound/hdspm.h:166
	include/sound/hdspm.h:181
	include/sound/type_compat.h:6
